Determining if the function sgemm_ exists failed with the following output:
Change Dir: /Users/user/PointDetector/build/CMakeFiles/CMakeTmp

Run Build Command(s):/usr/bin/xcodebuild -project CMAKE_TRY_COMPILE.xcodeproj build -target cmTC_53c69 -parallelizeTargets -configuration Debug -hideShellScriptEnvironment && 2022-05-25 23:04:50.544 xcodebuild[7716:421205] Requested but did not find extension point with identifier Xcode.IDEKit.ExtensionSentinelHostApplications for extension Xcode.DebuggerFoundation.AppExtensionHosts.watchOS of plug-in com.apple.dt.IDEWatchSupportCore
2022-05-25 23:04:50.544 xcodebuild[7716:421205] Requested but did not find extension point with identifier Xcode.IDEKit.ExtensionPointIdentifierToBundleIdentifier for extension Xcode.DebuggerFoundation.AppExtensionToBundleIdentifierMap.watchOS of plug-in com.apple.dt.IDEWatchSupportCore
Command line invocation:
    /Applications/Xcode.app/Contents/Developer/usr/bin/xcodebuild -project CMAKE_TRY_COMPILE.xcodeproj build -target cmTC_53c69 -parallelizeTargets -configuration Debug -hideShellScriptEnvironment

User defaults from command line:
    HideShellScriptEnvironment = YES
    IDEPackageSupportUseBuiltinSCM = YES

note: Using new build system
note: Planning
Analyze workspace

Create build description
Build description signature: ebea0b40a4376cd813aa356374d22195
Build description path: /Users/user/PointDetector/build/CMakeFiles/CMakeTmp/build/XCBuildData/ebea0b40a4376cd813aa356374d22195-desc.xcbuild

note: Build preparation complete
note: Building targets in dependency order
CreateBuildDirectory /Users/user/PointDetector/build/CMakeFiles/CMakeTmp
    cd /Users/user/PointDetector/build/CMakeFiles/CMakeTmp/CMAKE_TRY_COMPILE.xcodeproj
    builtin-create-build-directory /Users/user/PointDetector/build/CMakeFiles/CMakeTmp

CreateBuildDirectory /Users/user/PointDetector/build/CMakeFiles/CMakeTmp/Debug
    cd /Users/user/PointDetector/build/CMakeFiles/CMakeTmp/CMAKE_TRY_COMPILE.xcodeproj
    builtin-create-build-directory /Users/user/PointDetector/build/CMakeFiles/CMakeTmp/Debug

CompileC /Users/user/PointDetector/build/CMakeFiles/CMakeTmp/CMAKE_TRY_COMPILE.build/Debug/cmTC_53c69.build/Objects-normal/x86_64/CheckFunctionExists.o /usr/local/Cellar/cmake/3.22.3/share/cmake/Modules/CheckFunctionExists.c normal x86_64 c com.apple.compilers.llvm.clang.1_0.compiler (in target 'cmTC_53c69' from project 'CMAKE_TRY_COMPILE')
    cd /Users/user/PointDetector/build/CMakeFiles/CMakeTmp
    /Applications/Xcode.app/Contents/Developer/Toolchains/XcodeDefault.xctoolchain/usr/bin/clang -x c -target x86_64-apple-macos12.3 -fmessage-length\=0 -fdiagnostics-show-note-include-stack -fmacro-backtrace-limit\=0 -Wno-trigraphs -fpascal-strings -O0 -Wno-missing-field-initializers -Wno-missing-prototypes -Wno-return-type -Wno-missing-braces -Wparentheses -Wswitch -Wno-unused-function -Wno-unused-label -Wno-unused-parameter -Wno-unused-variable -Wunused-value -Wno-empty-body -Wno-uninitialized -Wno-unknown-pragmas -Wno-shadow -Wno-four-char-constants -Wno-conversion -Wno-constant-conversion -Wno-int-conversion -Wno-bool-conversion -Wno-enum-conversion -Wno-float-conversion -Wno-non-literal-null-conversion -Wno-objc-literal-conversion -Wno-shorten-64-to-32 -Wpointer-sign -Wno-newline-eof -DCMAKE_INTDIR\=\"Debug\" -isysroot /Applications/Xcode.app/Contents/Developer/Platforms/MacOSX.platform/Developer/SDKs/MacOSX12.3.sdk -fasm-blocks -fstrict-aliasing -Wdeprecated-declarations -g -Wno-sign-conversion -Wno-infinite-recursion -Wno-comma -Wno-block-capture-autoreleasing -Wno-strict-prototypes -Wno-semicolon-before-method-body -I/Users/user/PointDetector/build/CMakeFiles/CMakeTmp/Debug/include -I/Users/user/PointDetector/build/CMakeFiles/CMakeTmp/CMAKE_TRY_COMPILE.build/Debug/cmTC_53c69.build/DerivedSources-normal/x86_64 -I/Users/user/PointDetector/build/CMakeFiles/CMakeTmp/CMAKE_TRY_COMPILE.build/Debug/cmTC_53c69.build/DerivedSources/x86_64 -I/Users/user/PointDetector/build/CMakeFiles/CMakeTmp/CMAKE_TRY_COMPILE.build/Debug/cmTC_53c69.build/DerivedSources -F/Users/user/PointDetector/build/CMakeFiles/CMakeTmp/Debug -DCHECK_FUNCTION_EXISTS\=sgemm_ -MMD -MT dependencies -MF /Users/user/PointDetector/build/CMakeFiles/CMakeTmp/CMAKE_TRY_COMPILE.build/Debug/cmTC_53c69.build/Objects-normal/x86_64/CheckFunctionExists.d --serialize-diagnostics /Users/user/PointDetector/build/CMakeFiles/CMakeTmp/CMAKE_TRY_COMPILE.build/Debug/cmTC_53c69.build/Objects-normal/x86_64/CheckFunctionExists.dia -c /usr/local/Cellar/cmake/3.22.3/share/cmake/Modules/CheckFunctionExists.c -o /Users/user/PointDetector/build/CMakeFiles/CMakeTmp/CMAKE_TRY_COMPILE.build/Debug/cmTC_53c69.build/Objects-normal/x86_64/CheckFunctionExists.o

WriteAuxiliaryFile /Users/user/PointDetector/build/CMakeFiles/CMakeTmp/CMAKE_TRY_COMPILE.build/Debug/cmTC_53c69.build/Objects-normal/x86_64/cmTC_53c69.LinkFileList (in target 'cmTC_53c69' from project 'CMAKE_TRY_COMPILE')
    cd /Users/user/PointDetector/build/CMakeFiles/CMakeTmp
    write-file /Users/user/PointDetector/build/CMakeFiles/CMakeTmp/CMAKE_TRY_COMPILE.build/Debug/cmTC_53c69.build/Objects-normal/x86_64/cmTC_53c69.LinkFileList

Ld /Users/user/PointDetector/build/CMakeFiles/CMakeTmp/Debug/cmTC_53c69 normal (in target 'cmTC_53c69' from project 'CMAKE_TRY_COMPILE')
    cd /Users/user/PointDetector/build/CMakeFiles/CMakeTmp
    /Applications/Xcode.app/Contents/Developer/Toolchains/XcodeDefault.xctoolchain/usr/bin/clang -target x86_64-apple-macos12.3 -isysroot /Applications/Xcode.app/Contents/Developer/Platforms/MacOSX.platform/Developer/SDKs/MacOSX12.3.sdk -L/Users/user/PointDetector/build/CMakeFiles/CMakeTmp/Debug -F/Users/user/PointDetector/build/CMakeFiles/CMakeTmp/Debug -filelist /Users/user/PointDetector/build/CMakeFiles/CMakeTmp/CMAKE_TRY_COMPILE.build/Debug/cmTC_53c69.build/Objects-normal/x86_64/cmTC_53c69.LinkFileList -Xlinker -object_path_lto -Xlinker /Users/user/PointDetector/build/CMakeFiles/CMakeTmp/CMAKE_TRY_COMPILE.build/Debug/cmTC_53c69.build/Objects-normal/x86_64/cmTC_53c69_lto.o -Xlinker -no_deduplicate -Wl,-search_paths_first -Wl,-headerpad_max_install_names -Xlinker -dependency_info -Xlinker /Users/user/PointDetector/build/CMakeFiles/CMakeTmp/CMAKE_TRY_COMPILE.build/Debug/cmTC_53c69.build/Objects-normal/x86_64/cmTC_53c69_dependency_info.dat -o /Users/user/PointDetector/build/CMakeFiles/CMakeTmp/Debug/cmTC_53c69
Undefined symbols for architecture x86_64:
  "_sgemm_", referenced from:
      _main in CheckFunctionExists.o
ld: symbol(s) not found for architecture x86_64
clang: error: linker command failed with exit code 1 (use -v to see invocation)

** BUILD FAILED **


The following build commands failed:
	Ld /Users/user/PointDetector/build/CMakeFiles/CMakeTmp/Debug/cmTC_53c69 normal (in target 'cmTC_53c69' from project 'CMAKE_TRY_COMPILE')
(1 failure)



